mode: set
github.com/mariamorav/go-delivery-service-kiwibot/internal/handlers/bots.go:20.32,23.41 2 1
github.com/mariamorav/go-delivery-service-kiwibot/internal/handlers/bots.go:29.2,30.28 2 1
github.com/mariamorav/go-delivery-service-kiwibot/internal/handlers/bots.go:36.2,37.16 2 1
github.com/mariamorav/go-delivery-service-kiwibot/internal/handlers/bots.go:43.2,46.4 1 1
github.com/mariamorav/go-delivery-service-kiwibot/internal/handlers/bots.go:23.41,27.3 3 0
github.com/mariamorav/go-delivery-service-kiwibot/internal/handlers/bots.go:30.28,34.3 3 1
github.com/mariamorav/go-delivery-service-kiwibot/internal/handlers/bots.go:37.16,41.3 3 0
github.com/mariamorav/go-delivery-service-kiwibot/internal/handlers/bots.go:50.36,54.39 2 1
github.com/mariamorav/go-delivery-service-kiwibot/internal/handlers/bots.go:59.2,62.16 3 1
github.com/mariamorav/go-delivery-service-kiwibot/internal/handlers/bots.go:68.2,68.20 1 1
github.com/mariamorav/go-delivery-service-kiwibot/internal/handlers/bots.go:74.2,79.29 4 1
github.com/mariamorav/go-delivery-service-kiwibot/internal/handlers/bots.go:83.2,86.32 3 1
github.com/mariamorav/go-delivery-service-kiwibot/internal/handlers/bots.go:90.2,95.4 1 1
github.com/mariamorav/go-delivery-service-kiwibot/internal/handlers/bots.go:54.39,57.3 2 1
github.com/mariamorav/go-delivery-service-kiwibot/internal/handlers/bots.go:62.16,66.3 3 0
github.com/mariamorav/go-delivery-service-kiwibot/internal/handlers/bots.go:68.20,72.3 3 0
github.com/mariamorav/go-delivery-service-kiwibot/internal/handlers/bots.go:79.29,81.3 1 1
github.com/mariamorav/go-delivery-service-kiwibot/internal/handlers/bots.go:86.32,88.3 1 1
github.com/mariamorav/go-delivery-service-kiwibot/internal/handlers/bots.go:99.39,102.41 2 1
github.com/mariamorav/go-delivery-service-kiwibot/internal/handlers/bots.go:108.2,109.28 2 1
github.com/mariamorav/go-delivery-service-kiwibot/internal/handlers/bots.go:117.2,118.16 2 1
github.com/mariamorav/go-delivery-service-kiwibot/internal/handlers/bots.go:125.2,126.16 2 1
github.com/mariamorav/go-delivery-service-kiwibot/internal/handlers/bots.go:132.2,134.16 3 1
github.com/mariamorav/go-delivery-service-kiwibot/internal/handlers/bots.go:140.2,144.4 1 1
github.com/mariamorav/go-delivery-service-kiwibot/internal/handlers/bots.go:102.41,106.3 3 0
github.com/mariamorav/go-delivery-service-kiwibot/internal/handlers/bots.go:109.28,113.3 3 0
github.com/mariamorav/go-delivery-service-kiwibot/internal/handlers/bots.go:118.16,122.3 3 0
github.com/mariamorav/go-delivery-service-kiwibot/internal/handlers/bots.go:126.16,130.3 3 0
github.com/mariamorav/go-delivery-service-kiwibot/internal/handlers/bots.go:134.16,138.3 3 0
github.com/mariamorav/go-delivery-service-kiwibot/internal/handlers/deliveries.go:20.37,24.46 2 1
github.com/mariamorav/go-delivery-service-kiwibot/internal/handlers/deliveries.go:30.2,31.28 2 1
github.com/mariamorav/go-delivery-service-kiwibot/internal/handlers/deliveries.go:37.2,38.16 2 1
github.com/mariamorav/go-delivery-service-kiwibot/internal/handlers/deliveries.go:44.2,47.4 1 1
github.com/mariamorav/go-delivery-service-kiwibot/internal/handlers/deliveries.go:24.46,28.3 3 0
github.com/mariamorav/go-delivery-service-kiwibot/internal/handlers/deliveries.go:31.28,35.3 3 1
github.com/mariamorav/go-delivery-service-kiwibot/internal/handlers/deliveries.go:38.16,42.3 3 0
github.com/mariamorav/go-delivery-service-kiwibot/internal/handlers/deliveries.go:51.38,55.16 3 1
github.com/mariamorav/go-delivery-service-kiwibot/internal/handlers/deliveries.go:61.2,61.19 1 1
github.com/mariamorav/go-delivery-service-kiwibot/internal/handlers/deliveries.go:67.2,69.4 1 1
github.com/mariamorav/go-delivery-service-kiwibot/internal/handlers/deliveries.go:55.16,59.3 3 0
github.com/mariamorav/go-delivery-service-kiwibot/internal/handlers/deliveries.go:61.19,65.3 3 0
github.com/mariamorav/go-delivery-service-kiwibot/internal/handlers/deliveries.go:73.36,77.39 2 1
github.com/mariamorav/go-delivery-service-kiwibot/internal/handlers/deliveries.go:83.2,84.16 2 1
github.com/mariamorav/go-delivery-service-kiwibot/internal/handlers/deliveries.go:90.2,90.23 1 1
github.com/mariamorav/go-delivery-service-kiwibot/internal/handlers/deliveries.go:96.2,101.29 4 1
github.com/mariamorav/go-delivery-service-kiwibot/internal/handlers/deliveries.go:105.2,108.32 3 1
github.com/mariamorav/go-delivery-service-kiwibot/internal/handlers/deliveries.go:112.2,117.4 1 1
github.com/mariamorav/go-delivery-service-kiwibot/internal/handlers/deliveries.go:77.39,81.3 3 1
github.com/mariamorav/go-delivery-service-kiwibot/internal/handlers/deliveries.go:84.16,88.3 3 0
github.com/mariamorav/go-delivery-service-kiwibot/internal/handlers/deliveries.go:90.23,94.3 3 0
github.com/mariamorav/go-delivery-service-kiwibot/internal/handlers/deliveries.go:101.29,103.3 1 1
github.com/mariamorav/go-delivery-service-kiwibot/internal/handlers/deliveries.go:108.32,110.3 1 1
github.com/mariamorav/go-delivery-service-kiwibot/internal/handlers/deliveries.go:121.48,124.16 2 1
github.com/mariamorav/go-delivery-service-kiwibot/internal/handlers/deliveries.go:130.2,130.31 1 1
github.com/mariamorav/go-delivery-service-kiwibot/internal/handlers/deliveries.go:138.2,140.4 1 1
github.com/mariamorav/go-delivery-service-kiwibot/internal/handlers/deliveries.go:124.16,128.3 3 0
github.com/mariamorav/go-delivery-service-kiwibot/internal/handlers/deliveries.go:130.31,136.3 2 0
github.com/mariamorav/go-delivery-service-kiwibot/internal/handlers/helpers.go:10.77,13.16 2 1
github.com/mariamorav/go-delivery-service-kiwibot/internal/handlers/helpers.go:17.2,27.27 7 1
github.com/mariamorav/go-delivery-service-kiwibot/internal/handlers/helpers.go:41.2,41.24 1 1
github.com/mariamorav/go-delivery-service-kiwibot/internal/handlers/helpers.go:13.16,15.3 1 0
github.com/mariamorav/go-delivery-service-kiwibot/internal/handlers/helpers.go:27.27,35.24 6 1
github.com/mariamorav/go-delivery-service-kiwibot/internal/handlers/helpers.go:35.24,38.4 2 1
github.com/mariamorav/go-delivery-service-kiwibot/internal/handlers/helpers.go:46.65,50.16 2 1
github.com/mariamorav/go-delivery-service-kiwibot/internal/handlers/helpers.go:55.2,57.38 2 1
github.com/mariamorav/go-delivery-service-kiwibot/internal/handlers/helpers.go:74.2,74.29 1 1
github.com/mariamorav/go-delivery-service-kiwibot/internal/handlers/helpers.go:50.16,53.3 2 0
github.com/mariamorav/go-delivery-service-kiwibot/internal/handlers/helpers.go:57.38,59.17 2 1
github.com/mariamorav/go-delivery-service-kiwibot/internal/handlers/helpers.go:64.3,65.17 2 1
github.com/mariamorav/go-delivery-service-kiwibot/internal/handlers/helpers.go:68.3,69.17 2 1
github.com/mariamorav/go-delivery-service-kiwibot/internal/handlers/helpers.go:59.17,62.12 3 0
github.com/mariamorav/go-delivery-service-kiwibot/internal/handlers/helpers.go:65.17,67.4 1 0
github.com/mariamorav/go-delivery-service-kiwibot/internal/handlers/helpers.go:69.17,71.4 1 0
